Arguments: 
  C:\Program Files\nodejs\node.exe C:\Users\fabin\AppData\Roaming\npm\node_modules\yarn\bin\yarn.js upgrade

PATH: 
  C:\Program Files (x86)\Common Files\Intel\Shared Files\cpp\bin\Intel64;C:\Program Files (x86)\Common Files\Intel\Shared Libraries\redist\intel64\compiler;C:\WINDOWS\system32;C:\WINDOWS;C:\WINDOWS\System32\Wbem;C:\WINDOWS\System32\WindowsPowerShell\v1.0\;C:\WINDOWS\System32\OpenSSH\;C:\Program Files\Git\cmd;D:\wamp\bin\php\php7.4.9;C:\composer;C:\Users\fabin\AppData\Local\Programs\Python\Python310;C:\Program Files\nodejs\;D:\wamp\bin\php\php8.1.0;C:\Users\fabin\AppData\Local\Microsoft\WindowsApps;;C:\Users\fabin\AppData\Local\Programs\Microsoft VS Code\bin;C:\Users\fabin\AppData\Roaming\Composer\vendor\bin;C:\Users\fabin\AppData\Roaming\npm

Yarn version: 
  1.22.17

Node version: 
  16.15.1

Platform: 
  win32 x64

Trace: 
  SyntaxError: D:\wamp\www\react-native\riomix\package.json: Unexpected token F in JSON at position 1492
      at JSON.parse (<anonymous>)
      at C:\Users\fabin\AppData\Roaming\npm\node_modules\yarn\lib\cli.js:1625:59
      at Generator.next (<anonymous>)
      at step (C:\Users\fabin\AppData\Roaming\npm\node_modules\yarn\lib\cli.js:310:30)
      at C:\Users\fabin\AppData\Roaming\npm\node_modules\yarn\lib\cli.js:321:13

npm manifest: 
  {
    "main": "node_modules/expo/AppEntry.js",
    "scripts": {
      "start": "expo start",
      "android": "expo start --android",
      "ios": "expo start --ios",
      "web": "expo start --web",
      "eject": "expo eject"
    },
    "android": {
      "package": "com.yxe.riomix",
      "versionCode": 1
    },
    "dependencies": {
      "@fortawesome/fontawesome-free": "^5.15.3",
      "@fortawesome/fontawesome-svg-core": "^1.2.36",
      "@fortawesome/free-solid-svg-icons": "^5.15.4",
      "@fortawesome/react-native-fontawesome": "^0.2.7",
      "@react-native-async-storage/async-storage": "~1.15.0",
      "@react-native-community/masked-view": "0.1.10",
      "@react-navigation/drawer": "^5.12.9",
      "@react-navigation/native": "^6.0.6",
      "@react-navigation/stack": "^5.14.9",
      "async-storage": "^0.1.0",
      "axios": "^0.24.0",
      "expo": "^43.0.0",
      "expo-status-bar": "~1.1.0",
      "prop-types": "^15.7.2",
      "react": "17.0.1",
      "react-dom": "17.0.1",
      "react-native": "0.64.3",
      "react-native-chart-kit": "^6.11.0",
      "react-native-gesture-handler": "~1.10.2",
      "react-native-reanimated": "~2.2.0",
      "react-native-safe-area-context": "3.3.2",
      "react-native-screens": "~3.8.0",
      "react-native-svg": "12.1.1",
      "react-native-web": "0.17.1",
      "react-native-webview": "11.13.0",
      "react-navigation": "^4.4.4",
      "react-navigation-stack": "^2.10.4",
      "styled-components": "^5.3.3"
    },
    "devDependencies": {
      "@babel/core": "^7.12.9"
    },
    "private": true
  }
  Footer
  © 2022 GitHub, Inc.
  Footer navigation
  Terms
  Privacy
  Security
  Status
  Docs
  Contact GitHub
  Pricing
  API
  Training
  Blog
  About
  You have no unread notifications

yarn manifest: 
  No manifest

Lockfile: 
  # THIS IS AN AUTOGENERATED FILE. DO NOT EDIT THIS FILE DIRECTLY.
  # yarn lockfile v1
